<?xml version="1.0" encoding="UTF-8"?>
<!-- Generated by org.testng.reporters.JUnitXMLReporter -->
<testsuite ignored="0" hostname="Desktop-Marius" failures="0" tests="8" name="Default test" time="13.529" errors="0" timestamp="2024-05-10T16:46:09 EEST">
  <testcase classname="curs19.SeleniumLocators" name="tagNameLocator" time="0.053"/>
  <testcase classname="curs19.SeleniumLocators" name="linkTextLocator" time="0.673"/>
  <testcase classname="curs19.SeleniumLocators" name="partialLinkTextLocator" time="0.868"/>
  <testcase classname="curs19.SeleniumLocators" name="classNameLocator" time="0.061"/>
  <testcase classname="curs19.SeleniumLocators" name="idLocator" time="0.115"/>
  <testcase classname="curs19.SeleniumLocators" name="nameLocator" time="3.195"/>
  <testcase classname="curs19.SeleniumLocators" name="cssSelectorLocator" time="0.066"/>
  <testcase classname="curs19.SeleniumLocators" name="xPathLocator" time="0.068"/>
</testsuite> <!-- Default test -->
