<?xml version="1.0" encoding="UTF-8"?>
<!-- Generated by org.testng.reporters.JUnitXMLReporter -->
<testsuite ignored="0" hostname="Desktop-Marius" failures="0" tests="3" name="Default test" time="22.775" errors="0" timestamp="2024-05-21T16:52:41 EEST">
  <testcase classname="curs23.AlertJsExample" name="simpleJsAlert" time="3.665"/>
  <testcase classname="curs23.AlertJsExample" name="confirmJsAlert" time="3.446"/>
  <testcase classname="curs23.AlertJsExample" name="promptJsAlert" time="6.482"/>
</testsuite> <!-- Default test -->
