<?xml version="1.0" encoding="UTF-8"?>
<testng-results ignored="0" total="1" passed="1" failed="0" skipped="0">
  <reporter-output>
  </reporter-output>
  <suite started-at="2024-05-10T17:54:19 EEST" name="Default suite" finished-at="2024-05-10T17:54:28 EEST" duration-ms="8825">
    <groups>
    </groups>
    <test started-at="2024-05-10T17:54:19 EEST" name="Default test" finished-at="2024-05-10T17:54:28 EEST" duration-ms="8825">
      <class name="curs20.RelativeLocators">
        <test-method is-config="true" signature="setup()[pri:0, instance:curs20.RelativeLocators@6aba2b86]" started-at="2024-05-10T17:54:19 EEST" name="setup" finished-at="2024-05-10T17:54:22 EEST" duration-ms="2969" status="PASS">
          <reporter-output>
          </reporter-output>
        </test-method> <!-- setup -->
        <test-method signature="relativeLocatorsExample()[pri:0, instance:curs20.RelativeLocators@6aba2b86]" started-at="2024-05-10T17:54:22 EEST" name="relativeLocatorsExample" finished-at="2024-05-10T17:54:22 EEST" duration-ms="619" status="PASS">
          <reporter-output>
          </reporter-output>
        </test-method> <!-- relativeLocatorsExample -->
        <test-method is-config="true" signature="tearDown()[pri:0, instance:curs20.RelativeLocators@6aba2b86]" started-at="2024-05-10T17:54:22 EEST" name="tearDown" finished-at="2024-05-10T17:54:28 EEST" duration-ms="5198" status="PASS">
          <reporter-output>
          </reporter-output>
        </test-method> <!-- tearDown -->
      </class> <!-- curs20.RelativeLocators -->
    </test> <!-- Default test -->
  </suite> <!-- Default suite -->
</testng-results>
