<?xml version="1.0" encoding="UTF-8"?>
<testng-results ignored="0" total="8" passed="8" failed="0" skipped="0">
  <reporter-output>
  </reporter-output>
  <suite started-at="2024-05-10T16:45:56 EEST" name="Default suite" finished-at="2024-05-10T16:46:09 EEST" duration-ms="13529">
    <groups>
    </groups>
    <test started-at="2024-05-10T16:45:56 EEST" name="Default test" finished-at="2024-05-10T16:46:09 EEST" duration-ms="13529">
      <class name="curs19.SeleniumLocators">
        <test-method is-config="true" signature="setup()[pri:0, instance:curs19.SeleniumLocators@3ce1e309]" started-at="2024-05-10T16:45:56 EEST" name="setup" finished-at="2024-05-10T16:45:59 EEST" duration-ms="3003" status="PASS">
          <reporter-output>
          </reporter-output>
        </test-method> <!-- setup -->
        <test-method signature="tagNameLocator()[pri:1, instance:curs19.SeleniumLocators@3ce1e309]" started-at="2024-05-10T16:45:59 EEST" name="tagNameLocator" finished-at="2024-05-10T16:45:59 EEST" duration-ms="53" status="PASS">
          <reporter-output>
          </reporter-output>
        </test-method> <!-- tagNameLocator -->
        <test-method signature="linkTextLocator()[pri:2, instance:curs19.SeleniumLocators@3ce1e309]" started-at="2024-05-10T16:45:59 EEST" name="linkTextLocator" finished-at="2024-05-10T16:46:00 EEST" duration-ms="673" status="PASS">
          <reporter-output>
          </reporter-output>
        </test-method> <!-- linkTextLocator -->
        <test-method signature="partialLinkTextLocator()[pri:3, instance:curs19.SeleniumLocators@3ce1e309]" started-at="2024-05-10T16:46:00 EEST" name="partialLinkTextLocator" finished-at="2024-05-10T16:46:01 EEST" duration-ms="868" status="PASS">
          <reporter-output>
          </reporter-output>
        </test-method> <!-- partialLinkTextLocator -->
        <test-method signature="classNameLocator()[pri:4, instance:curs19.SeleniumLocators@3ce1e309]" started-at="2024-05-10T16:46:01 EEST" name="classNameLocator" finished-at="2024-05-10T16:46:01 EEST" duration-ms="61" status="PASS">
          <reporter-output>
          </reporter-output>
        </test-method> <!-- classNameLocator -->
        <test-method signature="idLocator()[pri:5, instance:curs19.SeleniumLocators@3ce1e309]" started-at="2024-05-10T16:46:01 EEST" name="idLocator" finished-at="2024-05-10T16:46:01 EEST" duration-ms="115" status="PASS">
          <reporter-output>
          </reporter-output>
        </test-method> <!-- idLocator -->
        <test-method signature="nameLocator()[pri:6, instance:curs19.SeleniumLocators@3ce1e309]" started-at="2024-05-10T16:46:01 EEST" name="nameLocator" finished-at="2024-05-10T16:46:04 EEST" duration-ms="3195" status="PASS">
          <reporter-output>
          </reporter-output>
        </test-method> <!-- nameLocator -->
        <test-method signature="cssSelectorLocator()[pri:7, instance:curs19.SeleniumLocators@3ce1e309]" started-at="2024-05-10T16:46:04 EEST" name="cssSelectorLocator" finished-at="2024-05-10T16:46:04 EEST" duration-ms="66" status="PASS">
          <reporter-output>
          </reporter-output>
        </test-method> <!-- cssSelectorLocator -->
        <test-method signature="xPathLocator()[pri:8, instance:curs19.SeleniumLocators@3ce1e309]" started-at="2024-05-10T16:46:04 EEST" name="xPathLocator" finished-at="2024-05-10T16:46:04 EEST" duration-ms="68" status="PASS">
          <reporter-output>
          </reporter-output>
        </test-method> <!-- xPathLocator -->
        <test-method is-config="true" signature="tearDown()[pri:0, instance:curs19.SeleniumLocators@3ce1e309]" started-at="2024-05-10T16:46:04 EEST" name="tearDown" finished-at="2024-05-10T16:46:09 EEST" duration-ms="5370" status="PASS">
          <reporter-output>
          </reporter-output>
        </test-method> <!-- tearDown -->
      </class> <!-- curs19.SeleniumLocators -->
    </test> <!-- Default test -->
  </suite> <!-- Default suite -->
</testng-results>
